<?xml version="1.0" encoding="UTF-8"?>
<testsuite xmlns:xsi="http://www.w3.org/2001/XMLSchema-instance" xsi:noNamespaceSchemaLocation="https://maven.apache.org/surefire/maven-surefire-plugin/xsd/surefire-test-report.xsd" name="TCars.service.GarageManagerTest" time="5.534" tests="14" errors="0" skipped="0" failures="2">
  <properties>
[...]
</properties>
  <testcase name="addCarTest" classname="TCars.service.GarageManagerTest" time="0.615"/>
  <testcase name="deleteClientWithoutCarsTest" classname="TCars.service.GarageManagerTest" time="0.138"/>
  <testcase name="deleteClientWithCarsTest" classname="TCars.service.GarageManagerTest" time="0.124"/>
  <testcase name="getAllClientsTest" classname="TCars.service.GarageManagerTest" time="0.218"/>
  <testcase name="updateCarTest" classname="TCars.service.GarageManagerTest" time="0.122"/>
  <testcase name="getClientWithCarsTest" classname="TCars.service.GarageManagerTest" time="0.121"/>
  <testcase name="getAllCarsTest" classname="TCars.service.GarageManagerTest" time="0.137"/>
  <testcase name="updateClientTest" classname="TCars.service.GarageManagerTest" time="0.12"/>
  <testcase name="deleteCarNotBorrowedTest" classname="TCars.service.GarageManagerTest" time="0.137"/>
  <testcase name="deleteCarBorrowedTest" classname="TCars.service.GarageManagerTest" time="0.121">
    <failure message="expected:&lt;0&gt; but was:&lt;1&gt;" type="java.lang.AssertionError"><![CDATA[java.lang.AssertionError: expected:<0> but was:<1>
	at TCars.service.GarageManagerTest.deleteCarBorrowedTest(GarageManagerTest.java:199)
]]></failure>
    <system-out><![CDATA[2019-05-21 18:41:18.762  INFO 23640 --- [           main] o.s.t.c.transaction.TransactionContext   : Began transaction (1) for test context [DefaultTestContext@78fb72cb testClass = GarageManagerTest, testInstance = TCars.service.GarageManagerTest@395197cb, testMethod = deleteCarBorrowedTest@GarageManagerTest, testException = [null], mergedContextConfiguration = [MergedContextConfiguration@653e7b testClass = GarageManagerTest, locations = '{classpath:/beans.xml}', classes = '{}', contextInitializerClasses = '[]', activeProfiles = '{}', propertySourceLocations = '{}', propertySourceProperties = '{}', contextCustomizers = set[org.springframework.boot.test.context.filter.ExcludeFilterContextCustomizer@5cdd8682, org.springframework.boot.test.json.DuplicateJsonObjectContextCustomizerFactory$DuplicateJsonObjectContextCustomizer@799d4f69, org.springframework.boot.test.mock.mockito.MockitoContextCustomizer@0, org.springframework.boot.test.autoconfigure.properties.PropertyMappingContextCustomizer@0, org.springframework.boot.test.autoconfigure.web.servlet.WebDriverContextCustomizerFactory$Customizer@19dc67c2], contextLoader = 'org.springframework.test.context.support.DelegatingSmartContextLoader', parent = [null]], attributes = map[[empty]]]; transaction manager [org.springframework.orm.hibernate5.HibernateTransactionManager@15a484a9]; rollback [false]
Hibernate: call next value for hibernate_sequence
Hibernate: call next value for hibernate_sequence
Hibernate: call next value for hibernate_sequence
Hibernate: call next value for hibernate_sequence
Hibernate: insert into car (person_id, color, make, model, id) values (?, ?, ?, ?, ?)
Hibernate: insert into car (person_id, color, make, model, id) values (?, ?, ?, ?, ?)
Hibernate: insert into car (person_id, color, make, model, id) values (?, ?, ?, ?, ?)
Hibernate: insert into client (firstName, registrationDate, secondName, id) values (?, ?, ?, ?)
Hibernate: call next value for hibernate_sequence
Hibernate: insert into client (firstName, registrationDate, secondName, id) values (?, ?, ?, ?)
Hibernate: delete from car where id=?
2019-05-21 18:41:18.778  INFO 23640 --- [           main] o.s.t.c.transaction.TransactionContext   : Committed transaction for test: [DefaultTestContext@78fb72cb testClass = GarageManagerTest, testInstance = TCars.service.GarageManagerTest@395197cb, testMethod = deleteCarBorrowedTest@GarageManagerTest, testException = java.lang.AssertionError: expected:<0> but was:<1>, mergedContextConfiguration = [MergedContextConfiguration@653e7b testClass = GarageManagerTest, locations = '{classpath:/beans.xml}', classes = '{}', contextInitializerClasses = '[]', activeProfiles = '{}', propertySourceLocations = '{}', propertySourceProperties = '{}', contextCustomizers = set[org.springframework.boot.test.context.filter.ExcludeFilterContextCustomizer@5cdd8682, org.springframework.boot.test.json.DuplicateJsonObjectContextCustomizerFactory$DuplicateJsonObjectContextCustomizer@799d4f69, org.springframework.boot.test.mock.mockito.MockitoContextCustomizer@0, org.springframework.boot.test.autoconfigure.properties.PropertyMappingContextCustomizer@0, org.springframework.boot.test.autoconfigure.web.servlet.WebDriverContextCustomizerFactory$Customizer@19dc67c2], contextLoader = 'org.springframework.test.context.support.DelegatingSmartContextLoader', parent = [null]], attributes = map[[empty]]]
]]></system-out>
  </testcase>
  <testcase name="findByCarMakeTest" classname="TCars.service.GarageManagerTest" time="0.131"/>
  <testcase name="getCarByIdWithoutBorrowedCarsTest" classname="TCars.service.GarageManagerTest" time="0.122"/>
  <testcase name="getCarByIdWithBorrowedCarsTest" classname="TCars.service.GarageManagerTest" time="0.125">
    <failure type="java.lang.AssertionError">java.lang.AssertionError
	at TCars.service.GarageManagerTest.getCarByIdWithBorrowedCarsTest(GarageManagerTest.java:130)
</failure>
    <system-out><![CDATA[2019-05-21 18:41:19.141  INFO 23640 --- [           main] o.s.t.c.transaction.TransactionContext   : Began transaction (1) for test context [DefaultTestContext@78fb72cb testClass = GarageManagerTest, testInstance = TCars.service.GarageManagerTest@6516181f, testMethod = getCarByIdWithBorrowedCarsTest@GarageManagerTest, testException = [null], mergedContextConfiguration = [MergedContextConfiguration@653e7b testClass = GarageManagerTest, locations = '{classpath:/beans.xml}', classes = '{}', contextInitializerClasses = '[]', activeProfiles = '{}', propertySourceLocations = '{}', propertySourceProperties = '{}', contextCustomizers = set[org.springframework.boot.test.context.filter.ExcludeFilterContextCustomizer@5cdd8682, org.springframework.boot.test.json.DuplicateJsonObjectContextCustomizerFactory$DuplicateJsonObjectContextCustomizer@799d4f69, org.springframework.boot.test.mock.mockito.MockitoContextCustomizer@0, org.springframework.boot.test.autoconfigure.properties.PropertyMappingContextCustomizer@0, org.springframework.boot.test.autoconfigure.web.servlet.WebDriverContextCustomizerFactory$Customizer@19dc67c2], contextLoader = 'org.springframework.test.context.support.DelegatingSmartContextLoader', parent = [null]], attributes = map[[empty]]]; transaction manager [org.springframework.orm.hibernate5.HibernateTransactionManager@15a484a9]; rollback [false]
Hibernate: call next value for hibernate_sequence
Hibernate: call next value for hibernate_sequence
Hibernate: call next value for hibernate_sequence
Hibernate: call next value for hibernate_sequence
Hibernate: insert into car (person_id, color, make, model, id) values (?, ?, ?, ?, ?)
Hibernate: insert into car (person_id, color, make, model, id) values (?, ?, ?, ?, ?)
Hibernate: insert into car (person_id, color, make, model, id) values (?, ?, ?, ?, ?)
Hibernate: insert into client (firstName, registrationDate, secondName, id) values (?, ?, ?, ?)
Hibernate: call next value for hibernate_sequence
Hibernate: insert into client (firstName, registrationDate, secondName, id) values (?, ?, ?, ?)
2019-05-21 18:41:19.160  INFO 23640 --- [           main] o.s.t.c.transaction.TransactionContext   : Committed transaction for test: [DefaultTestContext@78fb72cb testClass = GarageManagerTest, testInstance = TCars.service.GarageManagerTest@6516181f, testMethod = getCarByIdWithBorrowedCarsTest@GarageManagerTest, testException = java.lang.AssertionError, mergedContextConfiguration = [MergedContextConfiguration@653e7b testClass = GarageManagerTest, locations = '{classpath:/beans.xml}', classes = '{}', contextInitializerClasses = '[]', activeProfiles = '{}', propertySourceLocations = '{}', propertySourceProperties = '{}', contextCustomizers = set[org.springframework.boot.test.context.filter.ExcludeFilterContextCustomizer@5cdd8682, org.springframework.boot.test.json.DuplicateJsonObjectContextCustomizerFactory$DuplicateJsonObjectContextCustomizer@799d4f69, org.springframework.boot.test.mock.mockito.MockitoContextCustomizer@0, org.springframework.boot.test.autoconfigure.properties.PropertyMappingContextCustomizer@0, org.springframework.boot.test.autoconfigure.web.servlet.WebDriverContextCustomizerFactory$Customizer@19dc67c2], contextLoader = 'org.springframework.test.context.support.DelegatingSmartContextLoader', parent = [null]], attributes = map[[empty]]]
]]></system-out>
  </testcase>
  <testcase name="addClientTest" classname="TCars.service.GarageManagerTest" time="0.121"/>
</testsuite>